
Время вызова функции: 14-02-2023 время 19:56:21
Имя функции: hello_world
Аргументы функции: ((), {})
Возвращаемое значение функции: Hello World
___________________________________

Время вызова функции: 14-02-2023 время 19:56:21
Имя функции: summator
Аргументы функции: ((2, 2), {})
Возвращаемое значение функции: 4
___________________________________

Время вызова функции: 14-02-2023 время 19:56:21
Имя функции: div
Аргументы функции: ((6, 2), {})
Возвращаемое значение функции: 3.0
___________________________________

Время вызова функции: 14-02-2023 время 19:56:21
Имя функции: summator
Аргументы функции: ((4.3,), {'b': 2.2})
Возвращаемое значение функции: 6.5
___________________________________
